-------------------------------------------------------------------------------
Test set: br.com.azi.patrimoniointangivel.domain.usecase.patrimonio.edicao.EditarPatrimonioUseCaseImplTest
-------------------------------------------------------------------------------
Tests run: 10, Failures: 1, Errors: 0, Skipped: 0, Time elapsed: 0.266 s <<< FAILURE! - in br.com.azi.patrimoniointangivel.domain.usecase.patrimonio.edicao.EditarPatrimonioUseCaseImplTest
deveEditarPatrimonio(br.com.azi.patrimoniointangivel.domain.usecase.patrimonio.edicao.EditarPatrimonioUseCaseImplTest)  Time elapsed: 0.043 s  <<< FAILURE!
org.junit.ComparisonFailure: expected:<...03-02T00:00:00.000-0[4]00> but was:<...03-02T00:00:00.000-0[3]00>
	at br.com.azi.patrimoniointangivel.domain.usecase.patrimonio.edicao.EditarPatrimonioUseCaseImplTest.deveEditarPatrimonio(EditarPatrimonioUseCaseImplTest.java:197)

