-------------------------------------------------------------------------------
Test set: br.com.azi.patrimoniointangivel.domain.usecase.movimentacao.documento.BuscarDocumentoMovimentacaoUseCaseTest
-------------------------------------------------------------------------------
Tests run: 2, Failures: 1, Errors: 0, Skipped: 0, Time elapsed: 0.007 s <<< FAILURE! - in br.com.azi.patrimoniointangivel.domain.usecase.movimentacao.documento.BuscarDocumentoMovimentacaoUseCaseTest
deveBuscarDocumento(br.com.azi.patrimoniointangivel.domain.usecase.movimentacao.documento.BuscarDocumentoMovimentacaoUseCaseTest)  Time elapsed: 0.003 s  <<< FAILURE!
org.junit.ComparisonFailure: expected:<...09-07T13:53:20.000-0[4]00> but was:<...09-07T13:53:20.000-0[3]00>
	at br.com.azi.patrimoniointangivel.domain.usecase.movimentacao.documento.BuscarDocumentoMovimentacaoUseCaseTest.deveBuscarDocumento(BuscarDocumentoMovimentacaoUseCaseTest.java:79)

