-------------------------------------------------------------------------------
Test set: br.com.azi.patrimoniointangivel.domain.usecase.patrimonio.documento.CadastraDocumentoUseCaseTest
-------------------------------------------------------------------------------
Tests run: 4, Failures: 1, Errors: 0, Skipped: 0, Time elapsed: 0.029 s <<< FAILURE! - in br.com.azi.patrimoniointangivel.domain.usecase.patrimonio.documento.CadastraDocumentoUseCaseTest
deveSalvarDocumento(br.com.azi.patrimoniointangivel.domain.usecase.patrimonio.documento.CadastraDocumentoUseCaseTest)  Time elapsed: 0.004 s  <<< FAILURE!
org.junit.ComparisonFailure: expected:<...09-09T10:15:30.000-0[4]00> but was:<...09-09T10:15:30.000-0[3]00>
	at br.com.azi.patrimoniointangivel.domain.usecase.patrimonio.documento.CadastraDocumentoUseCaseTest.deveSalvarDocumento(CadastraDocumentoUseCaseTest.java:117)

