-------------------------------------------------------------------------------
Test set: br.com.azi.patrimoniointangivel.domain.usecase.configuracao.dadosdepreciacao.salvardadosdepreciacao.SalvaConfigAmortizacaoTest
-------------------------------------------------------------------------------
Tests run: 4, Failures: 0, Errors: 0, Skipped: 0, Time elapsed: 0.027 s - in br.com.azi.patrimoniointangivel.domain.usecase.configuracao.dadosdepreciacao.salvardadosdepreciacao.SalvaConfigAmortizacaoTest
