-------------------------------------------------------------------------------
Test set: br.com.azi.patrimoniointangivel.domain.usecase.dashboard.buscarmetricasdospatrimoniospororgao.buscarMetricasDosPatrimoniosPorOrgaoUseCaseImplTest
-------------------------------------------------------------------------------
Tests run: 1, Failures: 0, Errors: 0, Skipped: 0, Time elapsed: 0.012 s - in br.com.azi.patrimoniointangivel.domain.usecase.dashboard.buscarmetricasdospatrimoniospororgao.buscarMetricasDosPatrimoniosPorOrgaoUseCaseImplTest
